[debug] [2021-08-11T19:21:50.697Z] ----------------------------------------------------------------------
[debug] [2021-08-11T19:21:50.700Z] Command:       C:\Program Files\nodejs\node.exe C:\Users\Administrador\AppData\Roaming\npm\node_modules\firebase-tools\lib\bin\firebase.js deploy
[debug] [2021-08-11T19:21:50.700Z] CLI Version:   9.16.0
[debug] [2021-08-11T19:21:50.700Z] Platform:      win32
[debug] [2021-08-11T19:21:50.700Z] Node Version:  v14.17.4
[debug] [2021-08-11T19:21:50.701Z] Time:          Wed Aug 11 2021 15:21:50 GMT-0400 (hora de Venezuela)
[debug] [2021-08-11T19:21:50.702Z] ----------------------------------------------------------------------
[debug] 
[debug] [2021-08-11T19:21:50.792Z] > command requires scopes: ["email","openid","https://www.googleapis.com/auth/cloudplatformprojects.readonly","https://www.googleapis.com/auth/firebase","https://www.googleapis.com/auth/cloud-platform"]
[debug] [2021-08-11T19:21:50.792Z] > authorizing via signed-in user (rogerh1428@gmail.com)
[debug] [2021-08-11T19:21:50.793Z] [iam] checking project netflix-4b9fb for permissions ["firebase.projects.get","firebasehosting.sites.update"]
[debug] [2021-08-11T19:21:50.796Z] > refreshing access token with scopes: ["email","https://www.googleapis.com/auth/cloud-platform","https://www.googleapis.com/auth/cloudplatformprojects.readonly","https://www.googleapis.com/auth/firebase","openid"]
[debug] [2021-08-11T19:21:50.796Z] >>> HTTP REQUEST POST https://www.googleapis.com/oauth2/v3/token  
 <request body omitted>
[debug] [2021-08-11T19:22:01.956Z] [iam] error while checking permissions, command may fail: FirebaseError: Authentication Error: Your credentials are no longer valid. Please run firebase login --reauth

For CI servers and headless environments, generate a new token with firebase login:ci
[debug] [2021-08-11T19:22:01.961Z] >>> [apiv2][query] GET https://firebase.googleapis.com/v1beta1/projects/netflix-4b9fb [none]
[debug] [2021-08-11T19:22:01.968Z] Failed to make request to https://firebase.googleapis.com/v1beta1/projects/netflix-4b9fb
[debug] [2021-08-11T19:22:01.977Z] FirebaseError: Failed to make request to https://firebase.googleapis.com/v1beta1/projects/netflix-4b9fb
    at Client.doRequest (C:\Users\Administrador\AppData\Roaming\npm\node_modules\firebase-tools\lib\apiv2.js:211:19)
    at processTicksAndRejections (internal/process/task_queues.js:95:5)
    at async Client.request (C:\Users\Administrador\AppData\Roaming\npm\node_modules\firebase-tools\lib\apiv2.js:96:20)
    at async Object.getFirebaseProject (C:\Users\Administrador\AppData\Roaming\npm\node_modules\firebase-tools\lib\management\projects.js:290:21)
    at async Object.getDefaultHostingSite (C:\Users\Administrador\AppData\Roaming\npm\node_modules\firebase-tools\lib\getDefaultHostingSite.js:8:21)
    at async requireHostingSite (C:\Users\Administrador\AppData\Roaming\npm\node_modules\firebase-tools\lib\requireHostingSite.js:9:18)
    at async Object.fn (C:\Users\Administrador\AppData\Roaming\npm\node_modules\firebase-tools\lib\commands\deploy.js:65:9)
    at async C:\Users\Administrador\AppData\Roaming\npm\node_modules\firebase-tools\lib\command.js:169:17
[error] 
[error] Error: Failed to get Firebase project netflix-4b9fb. Please make sure the project exists and your account has permission to access it.
